- Nikto v2.5.0
---------------------------------------------------------------------------
+ Target IP:          10.10.106.86
+ Target Hostname:    10.10.106.86
+ Target Port:        80
+ Start Time:         2024-06-07 16:22:46 (GMT7)
---------------------------------------------------------------------------
+ Server: Apache/2.4.41 (Ubuntu)
+ /: The anti-clickjacking X-Frame-Options header is not present. See: https://developer.mozilla.org/en-US/docs/Web/HTTP/Headers/X-Frame-Options
+ /: The X-Content-Type-Options header is not set. This could allow the user agent to render the content of the site in a different fashion to the MIME type. See: https://www.netsparker.com/web-vulnerability-scanner/vulnerabilities/missing-content-type-header/
+ No CGI Directories found (use '-C all' to force check all possible dirs)
+ Apache/2.4.41 appears to be outdated (current is at least Apache/2.4.54). Apache 2.2.34 is the EOL for the 2.x branch.
+ /: Server may leak inodes via ETags, header found with file /, inode: 426, size: 5818ccf125686, mtime: gzip. See: http://cve.mitre.org/cgi-bin/cvename.cgi?name=CVE-2003-1418
+ /login.php: Cookie PHPSESSID created without the httponly flag. See: https://developer.mozilla.org/en-US/docs/Web/HTTP/Cookies
+ OPTIONS: Allowed HTTP Methods: OPTIONS, HEAD, GET, POST .
+ /login.php: Admin login page/section found.
+ 8075 requests: 0 error(s) and 7 item(s) reported on remote host
+ End Time:           2024-06-07 17:00:20 (GMT7) (2254 seconds)
---------------------------------------------------------------------------
+ 1 host(s) tested
